<?xml version="1.0" encoding="UTF-8"?>
<!-- Generated by org.testng.reporters.JUnitReportReporter -->
<testsuite hostname="DESKTOP-6MCO3NS" failures="0" tests="3" name="testNG.LoginTest" time="66.542" errors="0" timestamp="12 Dec 2022 12:06:38 GMT" skipped="0">
  <testcase classname="testNG.LoginTest" name="forgetlinkTest" time="20.082"/>
  <testcase classname="testNG.LoginTest" name="getTitle" time="21.834"/>
  <testcase classname="testNG.LoginTest" name="loginTest" time="24.626"/>
</testsuite> <!-- testNG.LoginTest -->
