<?xml version="1.0" encoding="UTF-8"?>
<!-- Generated by org.testng.reporters.JUnitReportReporter -->
<testsuite hostname="DESKTOP-6MCO3NS" failures="0" tests="2" name="testNG.AllAnnotationTest" time="0.022" errors="0" timestamp="15 Dec 2022 06:54:59 GMT" skipped="0">
  <testcase classname="testNG.AllAnnotationTest" name="test1" time="0.018"/>
  <testcase classname="testNG.AllAnnotationTest" name="test2" time="0.004"/>
</testsuite> <!-- testNG.AllAnnotationTest -->
