<?xml version="1.0" encoding="UTF-8"?>
<!-- Generated by org.testng.reporters.JUnitReportReporter -->
<testsuite hostname="DESKTOP-6MCO3NS" failures="0" tests="1" name="testNG.ExpectedExceptionConcept" time="0.029" errors="0" timestamp="12 Dec 2022 08:19:41 GMT" skipped="0">
  <testcase classname="testNG.ExpectedExceptionConcept" name="test" time="0.029"/>
</testsuite> <!-- testNG.ExpectedExceptionConcept -->
