<?xml version="1.0" encoding="UTF-8"?>
<!-- Generated by org.testng.reporters.JUnitReportReporter -->
<testsuite hostname="DESKTOP-6MCO3NS" failures="0" tests="1" name="com.testpackage.TryforFreeTest" time="3.412" errors="0" timestamp="15 Dec 2022 10:32:14 GMT" skipped="0">
  <testcase classname="com.testpackage.TryforFreeTest" name="TryfortextTest" time="3.412"/>
</testsuite> <!-- com.testpackage.TryforFreeTest -->
