<?xml version="1.0" encoding="UTF-8"?>
<!-- Generated by org.testng.reporters.JUnitReportReporter -->
<testsuite hostname="DESKTOP-6MCO3NS" failures="0" tests="1" name="testNG.LoginPageTest" time="12.715" errors="0" timestamp="13 Dec 2022 10:18:19 GMT" skipped="0">
  <testcase classname="testNG.LoginPageTest" name="loginPageTitleTest" time="12.715"/>
</testsuite> <!-- testNG.LoginPageTest -->
