<?xml version="1.0" encoding="UTF-8"?>
<!-- Generated by org.testng.reporters.JUnitReportReporter -->
<testsuite hostname="DESKTOP-6MCO3NS" failures="0" tests="10" name="testNG.InnocationCountConcept" time="0.041" errors="0" timestamp="12 Dec 2022 12:06:38 GMT" skipped="0">
  <testcase classname="testNG.InnocationCountConcept" name="test" time="0.006"/>
  <testcase classname="testNG.InnocationCountConcept" name="test" time="0.004"/>
  <testcase classname="testNG.InnocationCountConcept" name="test" time="0.005"/>
  <testcase classname="testNG.InnocationCountConcept" name="test" time="0.006"/>
  <testcase classname="testNG.InnocationCountConcept" name="test" time="0.004"/>
  <testcase classname="testNG.InnocationCountConcept" name="test" time="0.003"/>
  <testcase classname="testNG.InnocationCountConcept" name="test" time="0.003"/>
  <testcase classname="testNG.InnocationCountConcept" name="test" time="0.001"/>
  <testcase classname="testNG.InnocationCountConcept" name="test" time="0.006"/>
  <testcase classname="testNG.InnocationCountConcept" name="test" time="0.003"/>
</testsuite> <!-- testNG.InnocationCountConcept -->
