<?xml version="1.0" encoding="UTF-8"?>
<!-- Generated by org.testng.reporters.JUnitReportReporter -->
<testsuite hostname="DESKTOP-6MCO3NS" failures="0" tests="2" name="testNG.AllAnnotation" time="0.020" errors="0" timestamp="12 Dec 2022 06:58:25 GMT" skipped="0">
  <testcase classname="testNG.AllAnnotation" name="test1" time="0.015"/>
  <testcase classname="testNG.AllAnnotation" name="test2" time="0.005"/>
</testsuite> <!-- testNG.AllAnnotation -->
