<?xml version="1.0" encoding="UTF-8"?>
<!-- Generated by org.testng.reporters.JUnitReportReporter -->
<testsuite hostname="DESKTOP-6MCO3NS" failures="0" tests="1" name="testNG.PriorityTest" time="0.012" errors="0" timestamp="12 Dec 2022 12:04:11 GMT" skipped="0">
  <testcase classname="testNG.PriorityTest" name="test2" time="0.012"/>
</testsuite> <!-- testNG.PriorityTest -->
